<?xml version="1.0" encoding="UTF-8"?>
<!-- Generated by org.testng.reporters.JUnitReportReporter -->
<testsuite skipped="0" hostname="DESKTOP-RK4B14D" name="testprojecttests.Launch" tests="1" failures="0" timestamp="08 Dec 2021 08:34:58 GMT" time="0.501" errors="0">
  <testcase name="lanuch" time="0.501" classname="testprojecttests.Launch"/>
</testsuite> <!-- testprojecttests.Launch -->
